#
# There is insufficient memory for the Java Runtime Environment to continue.
# Native memory allocation (malloc) failed to allocate 754256 bytes for Chunk::new
# Possible reasons:
#   The system is out of physical RAM or swap space
#   In 32 bit mode, the process size limit was hit
# Possible solutions:
#   Reduce memory load on the system
#   Increase physical memory or swap space
#   Check if swap backing store is full
#   Use 64 bit Java on a 64 bit OS
#   Decrease Java heap size (-Xmx/-Xms)
#   Decrease number of Java threads
#   Decrease Java thread stack sizes (-Xss)
#   Set larger code cache with -XX:ReservedCodeCacheSize=
# This output file may be truncated or incomplete.
#
#  Out of Memory Error (allocation.cpp:390), pid=4656, tid=0x0000000000001a8c
#
# JRE version: Java(TM) SE Runtime Environment (8.0_121-b13) (build 1.8.0_121-b13)
# Java VM: Java HotSpot(TM) 64-Bit Server VM (25.121-b13 mixed mode windows-amd64 compressed oops)
# Failed to write core dump. Minidumps are not enabled by default on client versions of Windows
#

---------------  T H R E A D  ---------------

Current thread (0x000000001ebf3800):  JavaThread "C2 CompilerThread2" daemon [_thread_in_native, id=6796, stack(0x000000001f660000,0x000000001f760000)]

Stack: [0x000000001f660000,0x000000001f760000]
[error occurred during error reporting (printing stack bounds), id 0xc0000005]

Native frames: (J=compiled Java code, j=interpreted, Vv=VM code, C=native code)


Current CompileTask:
C2:  49034 1256       4       java.net.URLStreamHandler::parseURL (1193 bytes)


---------------  P R O C E S S  ---------------

Java Threads: ( => current thread )
  0x000000001eca3000 JavaThread "Service Thread" daemon [_thread_blocked, id=15788, stack(0x000000001f860000,0x000000001f960000)]
  0x000000001ec02000 JavaThread "C1 CompilerThread3" daemon [_thread_blocked, id=3356, stack(0x000000001f760000,0x000000001f860000)]
=>0x000000001ebf3800 JavaThread "C2 CompilerThread2" daemon [_thread_in_native, id=6796, stack(0x000000001f660000,0x000000001f760000)]
  0x000000001ebec000 JavaThread "C2 CompilerThread1" daemon [_thread_blocked, id=2788, stack(0x000000001f560000,0x000000001f660000)]
  0x000000001ebea000 JavaThread "C2 CompilerThread0" daemon [_thread_blocked, id=2128, stack(0x000000001f460000,0x000000001f560000)]
  0x000000001ebe8800 JavaThread "Monitor Ctrl-Break" daemon [_thread_in_native, id=1472, stack(0x000000001f360000,0x000000001f460000)]
  0x000000001eb6a800 JavaThread "Attach Listener" daemon [_thread_blocked, id=14080, stack(0x000000001f260000,0x000000001f360000)]
  0x000000001eb69800 JavaThread "Signal Dispatcher" daemon [_thread_blocked, id=5380, stack(0x000000001f160000,0x000000001f260000)]
  0x000000001eb60800 JavaThread "Finalizer" daemon [_thread_blocked, id=13568, stack(0x000000001ef40000,0x000000001f040000)]
  0x000000001cc4d000 JavaThread "Reference Handler" daemon [_thread_blocked, id=15100, stack(0x000000001ea40000,0x000000001eb40000)]
  0x0000000003142800 JavaThread "main" [_thread_in_native, id=12712, stack(0x0000000002dc0000,0x0000000002ec0000)]

Other Threads:
  0x000000001cc49000 VMThread [stack: 0x000000001e940000,0x000000001ea40000] [id=5224]
  0x000000001ec47800 WatcherThread [stack: 0x000000001f960000,0x000000001fa60000] [id=11100]

VM state:not at safepoint (normal execution)

VM Mutex/Monitor currently owned by a thread: None

Heap:
 PSYoungGen      total 76288K, used 42045K [0x000000076b500000, 0x0000000770a00000, 0x00000007c0000000)
  eden space 65536K, 53% used [0x000000076b500000,0x000000076d771568,0x000000076f500000)
  from space 10752K, 63% used [0x000000076f500000,0x000000076fb9e1c0,0x000000076ff80000)
  to   space 10752K, 0% used [0x000000076ff80000,0x000000076ff80000,0x0000000770a00000)
 ParOldGen       total 175104K, used 80K [0x00000006c1e00000, 0x00000006cc900000, 0x000000076b500000)
  object space 175104K, 0% used [0x00000006c1e00000,0x00000006c1e14028,0x00000006cc900000)
 Metaspace       used 15742K, capacity 15998K, committed 16256K, reserved 1062912K
  class space    used 2029K, capacity 2123K, committed 2176K, reserved 1048576K

Card table byte_map: [0x0000000012600000,0x0000000012e00000] byte_map_base: 0x000000000eff1000

Marking Bits: (ParMarkBitMap*) 0x0000000062d3b6d0
 Begin Bits: [0x0000000013b50000, 0x0000000017ad8000)
 End Bits:   [0x0000000017ad8000, 0x000000001ba60000)

Polling page: 0x0000000000df0000

CodeCache: size=245760Kb used=4574Kb max_used=4586Kb free=241185Kb
 bounds [0x0000000003240000, 0x00000000036c0000, 0x0000000012240000]
 total_blobs=1655 nmethods=1284 adapters=284
 compilation: enabled

Compilation events (10 events):
Event: 48.973 Thread 0x000000001ec02000 nmethod 1281 0x00000000036b1610 code [0x00000000036b1780, 0x00000000036b1a88]
Event: 48.973 Thread 0x000000001ec02000 1283       3       com.google.gson.internal.bind.TypeAdapters$25::write (256 bytes)
Event: 48.974 Thread 0x000000001ec02000 nmethod 1283 0x00000000036b1b50 code [0x00000000036b20e0, 0x00000000036b6898]
Event: 48.974 Thread 0x000000001ec02000 1284       3       java.lang.Exception::<init> (6 bytes)
Event: 48.975 Thread 0x000000001ec02000 nmethod 1284 0x00000000036b7f50 code [0x00000000036b80c0, 0x00000000036b8428]
Event: 48.975 Thread 0x000000001ec02000 1282       3       java.lang.Class::getMethod (64 bytes)
Event: 48.975 Thread 0x000000001ec02000 nmethod 1282 0x00000000036b8550 code [0x00000000036b87a0, 0x00000000036b9448]
Event: 48.978 Thread 0x000000001ec02000 1285       1       java.io.File::getPrefixLength (5 bytes)
Event: 48.978 Thread 0x000000001ec02000 nmethod 1285 0x0000000003699690 code [0x00000000036997e0, 0x00000000036998f0]
Event: 48.982 Thread 0x000000001ebea000 nmethod 1272 0x00000000036bca90 code [0x00000000036bcbe0, 0x00000000036bd078]

GC Heap History (2 events):
Event: 3.180 GC heap before
{Heap before GC invocations=1 (full 0):
 PSYoungGen      total 76288K, used 65536K [0x000000076b500000, 0x0000000770a00000, 0x00000007c0000000)
  eden space 65536K, 100% used [0x000000076b500000,0x000000076f500000,0x000000076f500000)
  from space 10752K, 0% used [0x000000076ff80000,0x000000076ff80000,0x0000000770a00000)
  to   space 10752K, 0% used [0x000000076f500000,0x000000076f500000,0x000000076ff80000)
 ParOldGen       total 175104K, used 0K [0x00000006c1e00000, 0x00000006cc900000, 0x000000076b500000)
  object space 175104K, 0% used [0x00000006c1e00000,0x00000006c1e00000,0x00000006cc900000)
 Metaspace       used 11292K, capacity 11470K, committed 11648K, reserved 1058816K
  class space    used 1508K, capacity 1559K, committed 1664K, reserved 1048576K
Event: 3.186 GC heap after
Heap after GC invocations=1 (full 0):
 PSYoungGen      total 76288K, used 6776K [0x000000076b500000, 0x0000000770a00000, 0x00000007c0000000)
  eden space 65536K, 0% used [0x000000076b500000,0x000000076b500000,0x000000076f500000)
  from space 10752K, 63% used [0x000000076f500000,0x000000076fb9e1c0,0x000000076ff80000)
  to   space 10752K, 0% used [0x000000076ff80000,0x000000076ff80000,0x0000000770a00000)
 ParOldGen       total 175104K, used 80K [0x00000006c1e00000, 0x00000006cc900000, 0x000000076b500000)
  object space 175104K, 0% used [0x00000006c1e00000,0x00000006c1e14028,0x00000006cc900000)
 Metaspace       used 11292K, capacity 11470K, committed 11648K, reserved 1058816K
  class space    used 1508K, capacity 1559K, committed 1664K, reserved 1048576K
}

Deoptimization events (10 events):
Event: 0.580 Thread 0x0000000003142800 Uncommon trap: reason=predicate action=maybe_recompile pc=0x0000000003494924 method=sun.net.www.ParseUtil.encodePath(Ljava/lang/String;Z)Ljava/lang/String; @ 36
Event: 1.205 Thread 0x0000000003142800 Uncommon trap: reason=unstable_if action=reinterpret pc=0x00000000034d0240 method=java.io.WinNTFileSystem.normalize(Ljava/lang/String;)Ljava/lang/String; @ 128
Event: 1.218 Thread 0x0000000003142800 Uncommon trap: reason=unstable_if action=reinterpret pc=0x00000000033b5b1c method=sun.nio.cs.UTF_8$Encoder.encode([CII[B)I @ 33
Event: 2.490 Thread 0x0000000003142800 Uncommon trap: reason=null_check action=make_not_entrant pc=0x000000000339a2c8 method=java.lang.String.equals(Ljava/lang/Object;)Z @ 8
Event: 3.198 Thread 0x0000000003142800 Uncommon trap: reason=unstable_if action=reinterpret pc=0x000000000354c5f0 method=java.util.HashMap.putVal(ILjava/lang/Object;Ljava/lang/Object;ZZ)Ljava/lang/Object; @ 236
Event: 3.233 Thread 0x0000000003142800 Uncommon trap: reason=unstable_if action=reinterpret pc=0x00000000035700d4 method=java.lang.String.regionMatches(ZILjava/lang/String;II)Z @ 123
Event: 3.233 Thread 0x0000000003142800 Uncommon trap: reason=unstable_if action=reinterpret pc=0x0000000003520fa0 method=java.lang.String.regionMatches(ZILjava/lang/String;II)Z @ 123
Event: 3.478 Thread 0x0000000003142800 Uncommon trap: reason=unstable_if action=reinterpret pc=0x000000000356e5d4 method=java.lang.CharacterDataLatin1.digit(II)I @ 82
Event: 3.663 Thread 0x0000000003142800 Uncommon trap: reason=class_check action=maybe_recompile pc=0x0000000003611c34 method=java.util.regex.Matcher.search(I)Z @ 86
Event: 3.673 Thread 0x0000000003142800 Uncommon trap: reason=unstable_if action=reinterpret pc=0x00000000033d52a4 method=java.lang.String.replace(CC)Ljava/lang/String; @ 2

Internal exceptions (10 events):
Event: 42.290 Thread 0x0000000003142800 Exception <a 'java/net/ConnectException': Connection refused: connect> (0x000000076d23fa98) thrown at [C:\re\workspace\8-2-build-windows-amd64-cygwin\jdk8u121\8372\hotspot\src\share\vm\prims\jni.cpp, line 735]
Event: 43.393 Thread 0x0000000003142800 Exception <a 'java/net/ConnectException': Connection refused: connect> (0x000000076d2412c8) thrown at [C:\re\workspace\8-2-build-windows-amd64-cygwin\jdk8u121\8372\hotspot\src\share\vm\prims\jni.cpp, line 735]
Event: 44.500 Thread 0x0000000003142800 Exception <a 'java/net/ConnectException': Connection refused: connect> (0x000000076d242af8) thrown at [C:\re\workspace\8-2-build-windows-amd64-cygwin\jdk8u121\8372\hotspot\src\share\vm\prims\jni.cpp, line 735]
Event: 45.605 Thread 0x0000000003142800 Exception <a 'java/net/ConnectException': Connection refused: connect> (0x000000076d244328) thrown at [C:\re\workspace\8-2-build-windows-amd64-cygwin\jdk8u121\8372\hotspot\src\share\vm\prims\jni.cpp, line 735]
Event: 46.709 Thread 0x0000000003142800 Exception <a 'java/net/ConnectException': Connection refused: connect> (0x000000076d245b58) thrown at [C:\re\workspace\8-2-build-windows-amd64-cygwin\jdk8u121\8372\hotspot\src\share\vm\prims\jni.cpp, line 735]
Event: 47.812 Thread 0x0000000003142800 Exception <a 'java/net/ConnectException': Connection refused: connect> (0x000000076d247388) thrown at [C:\re\workspace\8-2-build-windows-amd64-cygwin\jdk8u121\8372\hotspot\src\share\vm\prims\jni.cpp, line 735]
Event: 48.922 Thread 0x0000000003142800 Exception <a 'java/net/ConnectException': Connection refused: connect> (0x000000076d248bb8) thrown at [C:\re\workspace\8-2-build-windows-amd64-cygwin\jdk8u121\8372\hotspot\src\share\vm\prims\jni.cpp, line 735]
Event: 48.956 Thread 0x0000000003142800 Exception <a 'java/lang/Error'> (0x000000076d5c2920) thrown at [C:\re\workspace\8-2-build-windows-amd64-cygwin\jdk8u121\8372\hotspot\src\share\vm\oops\instanceKlass.cpp, line 964]
Event: 48.956 Thread 0x0000000003142800 Exception <a 'java/lang/Error'> (0x000000076d5c2920) thrown at [C:\re\workspace\8-2-build-windows-amd64-cygwin\jdk8u121\8372\hotspot\src\share\vm\oops\instanceKlass.cpp, line 964]
Event: 48.957 Thread 0x0000000003142800 Exception <a 'java/lang/reflect/InvocationTargetException'> (0x000000076d5c6f20) thrown at [C:\re\workspace\8-2-build-windows-amd64-cygwin\jdk8u121\8372\hotspot\src\share\vm\runtime\reflection.cpp, line 1092]

Events (10 events):
Event: 48.959 loading class com/intellij/junit4/ExpectedPatterns
Event: 48.959 loading class com/intellij/junit4/ExpectedPatterns done
Event: 48.959 loading class com/intellij/rt/execution/testFrameworks/AbstractExpectedPatterns
Event: 48.959 loading class com/intellij/rt/execution/testFrameworks/AbstractExpectedPatterns done
Event: 48.959 loading class java/util/regex/Pattern$All
Event: 48.959 loading class java/util/regex/Pattern$All done
Event: 48.959 loading class com/intellij/rt/execution/junit/ComparisonFailureData
Event: 48.959 loading class com/intellij/rt/execution/junit/ComparisonFailureData done
Event: 48.967 loading class org/junit/runner/notification/RunNotifier$7
Event: 48.967 loading class org/junit/runner/notification/RunNotifier$7 done


Dynamic libraries:
0x00007ff7f02b0000 - 0x00007ff7f02e7000 	C:\Program Files\Java\jdk1.8.0_121\bin\java.exe
0x00007ffcb4b40000 - 0x00007ffcb4d21000 	C:\WINDOWS\SYSTEM32\ntdll.dll
0x00007ffcb2fb0000 - 0x00007ffcb3062000 	C:\WINDOWS\System32\KERNEL32.DLL
0x00007ffcb1c80000 - 0x00007ffcb1ef3000 	C:\WINDOWS\System32\KERNELBASE.dll
0x00007ffcb2c70000 - 0x00007ffcb2d11000 	C:\WINDOWS\System32\ADVAPI32.dll
0x00007ffcb2ea0000 - 0x00007ffcb2f3e000 	C:\WINDOWS\System32\msvcrt.dll
0x00007ffcb4ab0000 - 0x00007ffcb4b0b000 	C:\WINDOWS\System32\sechost.dll
0x00007ffcb2ab0000 - 0x00007ffcb2bd4000 	C:\WINDOWS\System32\RPCRT4.dll
0x00007ffcb28c0000 - 0x00007ffcb2a50000 	C:\WINDOWS\System32\USER32.dll
0x00007ffcb1f00000 - 0x00007ffcb1f20000 	C:\WINDOWS\System32\win32u.dll
0x00007ffcb2c40000 - 0x00007ffcb2c68000 	C:\WINDOWS\System32\GDI32.dll
0x00007ffcb1040000 - 0x00007ffcb11d2000 	C:\WINDOWS\System32\gdi32full.dll
0x00007ffcb1be0000 - 0x00007ffcb1c7f000 	C:\WINDOWS\System32\msvcp_win.dll
0x00007ffcb11e0000 - 0x00007ffcb12da000 	C:\WINDOWS\System32\ucrtbase.dll
0x00007ffc9f6e0000 - 0x00007ffc9f949000 	C:\WINDOWS\WinSxS\amd64_microsoft.windows.common-controls_6595b64144ccf1df_6.0.17134.376_none_fb439a3730647da2\COMCTL32.dll
0x00007ffcb1fd0000 - 0x00007ffcb22f3000 	C:\WINDOWS\System32\combase.dll
0x00007ffcb0fc0000 - 0x00007ffcb103a000 	C:\WINDOWS\System32\bcryptPrimitives.dll
0x00007ffcb2320000 - 0x00007ffcb234d000 	C:\WINDOWS\System32\IMM32.DLL
0x00000000686f0000 - 0x00000000687c2000 	C:\Program Files\Java\jdk1.8.0_121\jre\bin\msvcr100.dll
0x0000000062520000 - 0x0000000062dbb000 	C:\Program Files\Java\jdk1.8.0_121\jre\bin\server\jvm.dll
0x00007ffcb3070000 - 0x00007ffcb3078000 	C:\WINDOWS\System32\PSAPI.DLL
0x00007ffcab410000 - 0x00007ffcab41a000 	C:\WINDOWS\SYSTEM32\VERSION.dll
0x00007ffcad230000 - 0x00007ffcad253000 	C:\WINDOWS\SYSTEM32\WINMM.dll
0x00007ffcaf100000 - 0x00007ffcaf109000 	C:\WINDOWS\SYSTEM32\WSOCK32.dll
0x00007ffcb2f40000 - 0x00007ffcb2fac000 	C:\WINDOWS\System32\WS2_32.dll
0x00007ffcad180000 - 0x00007ffcad1aa000 	C:\WINDOWS\SYSTEM32\winmmbase.dll
0x00007ffcb0f10000 - 0x00007ffcb0f59000 	C:\WINDOWS\System32\cfgmgr32.dll
0x00000000686e0000 - 0x00000000686ef000 	C:\Program Files\Java\jdk1.8.0_121\jre\bin\verify.dll
0x00000000686b0000 - 0x00000000686d9000 	C:\Program Files\Java\jdk1.8.0_121\jre\bin\java.dll
0x0000000068660000 - 0x0000000068683000 	C:\Program Files\Java\jdk1.8.0_121\jre\bin\instrument.dll
0x0000000068690000 - 0x00000000686a6000 	C:\Program Files\Java\jdk1.8.0_121\jre\bin\zip.dll
0x00007ffcb3560000 - 0x00007ffcb499f000 	C:\WINDOWS\System32\SHELL32.dll
0x00007ffcb26b0000 - 0x00007ffcb2759000 	C:\WINDOWS\System32\shcore.dll
0x00007ffcb14d0000 - 0x00007ffcb1bdd000 	C:\WINDOWS\System32\windows.storage.dll
0x00007ffcb2a50000 - 0x00007ffcb2aa1000 	C:\WINDOWS\System32\shlwapi.dll
0x00007ffcb0e50000 - 0x00007ffcb0e61000 	C:\WINDOWS\System32\kernel.appcore.dll
0x00007ffcb0e90000 - 0x00007ffcb0eaf000 	C:\WINDOWS\System32\profapi.dll
0x00007ffcb0ec0000 - 0x00007ffcb0f0c000 	C:\WINDOWS\System32\powrprof.dll
0x00007ffcb0eb0000 - 0x00007ffcb0eba000 	C:\WINDOWS\System32\FLTLIB.DLL
0x00007ffca82b0000 - 0x00007ffca82ca000 	C:\Program Files\JetBrains\IntelliJ IDEA 2018.2.5\bin\breakgen64.dll
0x0000000068520000 - 0x000000006853a000 	C:\Program Files\Java\jdk1.8.0_121\jre\bin\net.dll
0x00007ffcb06d0000 - 0x00007ffcb0736000 	C:\WINDOWS\system32\mswsock.dll
0x00007ffcb0490000 - 0x00007ffcb054e000 	C:\WINDOWS\SYSTEM32\DNSAPI.dll
0x00007ffcb3080000 - 0x00007ffcb3088000 	C:\WINDOWS\System32\NSI.dll
0x00007ffcb0450000 - 0x00007ffcb0488000 	C:\WINDOWS\SYSTEM32\IPHLPAPI.DLL
0x00007ffca98f0000 - 0x00007ffca98fa000 	C:\Windows\System32\rasadhlp.dll
0x00007ffca6750000 - 0x00007ffca67c2000 	C:\WINDOWS\System32\fwpuclnt.dll
0x00007ffcb09b0000 - 0x00007ffcb09d5000 	C:\WINDOWS\SYSTEM32\bcrypt.dll
0x00007ffcab720000 - 0x00007ffcab736000 	C:\WINDOWS\SYSTEM32\dhcpcsvc6.DLL
0x00007ffcabb90000 - 0x00007ffcabbaa000 	C:\WINDOWS\SYSTEM32\dhcpcsvc.DLL
0x00007ffcb0880000 - 0x00007ffcb0897000 	C:\WINDOWS\SYSTEM32\CRYPTSP.dll
0x00007ffcb02b0000 - 0x00007ffcb02e3000 	C:\WINDOWS\system32\rsaenh.dll
0x00007ffcb0d50000 - 0x00007ffcb0d78000 	C:\WINDOWS\SYSTEM32\USERENV.dll
0x00007ffcb08a0000 - 0x00007ffcb08ab000 	C:\WINDOWS\SYSTEM32\CRYPTBASE.dll
0x0000000068500000 - 0x0000000068511000 	C:\Program Files\Java\jdk1.8.0_121\jre\bin\nio.dll
0x00000000684d0000 - 0x00000000684f4000 	C:\Program Files\Java\jdk1.8.0_121\jre\bin\sunec.dll
0x00007ffca80d0000 - 0x00007ffca80f5000 	C:\Program Files\FileBot\jnidispatch.dll

VM Arguments:
jvm_args: -ea -Didea.test.cyclic.buffer.size=1048576 -javaagent:C:\Program Files\JetBrains\IntelliJ IDEA 2018.2.5\lib\idea_rt.jar=54049:C:\Program Files\JetBrains\IntelliJ IDEA 2018.2.5\bin -Dfile.encoding=UTF-8 
java_command: com.intellij.rt.execution.junit.JUnitStarter -ideVersion5 @w@C:\Users\Yannis\AppData\Local\Temp\idea_working_dirs_junit.tmp @C:\Users\Yannis\AppData\Local\Temp\idea_junit.tmp -socket54048
java_class_path (initial): C:\Users\Yannis\AppData\Local\Temp\classpath327832399.jar;C:\Program Files\JetBrains\IntelliJ IDEA 2018.2.5\lib\idea_rt.jar
Launcher Type: SUN_STANDARD

Environment Variables:
CLASSPATH=.;C:\Program Files (x86)\QuickTime\QTSystem\QTJava.zip
PATH=C:\Program Files (x86)\Common Files\Oracle\Java\javapath;D:\Python27\;D:\Python27\Scripts;C:\ProgramData\Oracle\Java\javapath;C:\Program Files\Common Files\Microsoft Shared\Windows Live;C:\Program Files (x86)\Common Files\Microsoft Shared\Windows Live;C:\Program Files (x86)\Intel\iCLS Client\;C:\Program Files\Intel\iCLS Client\;C:\Windows\system32;C:\Windows;C:\Windows\System32\Wbem;C:\Windows\System32\WindowsPowerShell\v1.0\;C:\Program Files (x86)\Intel\OpenCL SDK\3.0\bin\x86;C:\Program Files (x86)\Intel\OpenCL SDK\3.0\bin\x64;C:\Program Files (x86)\ATI Technologies\ATI.ACE\Core-Static;C:\Program Files (x86)\QuickTime\QTSystem\;C:\Program Files (x86)\Windows Live\Shared;C:\Program Files\Intel\Intel(R) Management Engine Components\DAL;C:\Program Files (x86)\Intel\Intel(R) Management Engine Components\DAL;C:\Program Files\Intel\Intel(R) Management Engine Components\IPT;C:\Program Files (x86)\Intel\Intel(R) Management Engine Components\IPT;C:\WINDOWS\system32;C:\WINDOWS;C:\WINDOWS\System32\Wbem;C:\WINDOWS\System32\WindowsPowerShell\v1.0\;C:\MinGW\bin;C:\MinGW\msys\1.0\bin;C:\Program Files (x86)\ZyXEL PLA Series Utility\ZyXEL PLA Series Utility\cml;C:\Program Files\FileBot\;C:\Program Files (x86)\Skype\Phone\;C:\Program Files\Git\cmd;C:\Program Files\gnuplot\bin;C:\WINDOWS\system32;C:\WINDOWS;C:\WINDOWS\System32\Wbem;C:\WINDOWS\System32\WindowsPowerShell\v1.0\;C:\WINDOWS\System32\OpenSSH\;C:\Program Files\CMake\bin;C:\Program Files\dotnet\;C:\Program Files\Microsoft SQL Server\130\Tools\Binn\;C:\Program Files (x86)\ZyXEL PLA Series Utility\ZyXEL PLA Series Utility\cml;C:\Users\Yannis\AppData\Local\Microsoft\WindowsApps;C:\Program Files\Docker Toolbox
USERNAME=Yannis
OS=Windows_NT
PROCESSOR_IDENTIFIER=Intel64 Family 6 Model 60 Stepping 3, GenuineIntel



---------------  S Y S T E M  ---------------

OS: Windows 10.0 , 64 bit Build 17134 (10.0.17134.1)

CPU:total 8 (4 cores per cpu, 2 threads per core) family 6 model 60 stepping 3, cmov, cx8, fxsr, mmx, sse, sse2, sse3, ssse3, sse4.1, sse4.2, popcnt, avx, avx2, aes, clmul, erms, lzcnt, ht, tsc, tscinvbit, bmi1, bmi2

Memory: 4k page, physical 16650504k(8356892k free), swap 19657992k(2948k free)

vm_info: Java HotSpot(TM) 64-Bit Server VM (25.121-b13) for windows-amd64 JRE (1.8.0_121-b13), built on Dec 12 2016 18:21:36 by "java_re" with MS VC++ 10.0 (VS2010)

time: Sat Nov 03 18:10:32 2018
elapsed time: 49 seconds (0d 0h 0m 49s)

