2018-11-03 17:57:24,835 INFO o.a.j.u.JMeterUtils: Setting Locale to en_EN
2018-11-03 17:57:24,862 INFO o.a.j.JMeter: Loading user properties from: user.properties
2018-11-03 17:57:24,870 INFO o.a.j.JMeter: Loading system properties from: system.properties
2018-11-03 17:57:24,881 INFO o.a.j.JMeter: Copyright (c) 1998-2018 The Apache Software Foundation
2018-11-03 17:57:24,881 INFO o.a.j.JMeter: Version 5.0 r1840935
2018-11-03 17:57:24,881 INFO o.a.j.JMeter: java.version=1.8.0_192
2018-11-03 17:57:24,881 INFO o.a.j.JMeter: java.vm.name=Java HotSpot(TM) 64-Bit Server VM
2018-11-03 17:57:24,881 INFO o.a.j.JMeter: os.name=Windows 10
2018-11-03 17:57:24,881 INFO o.a.j.JMeter: os.arch=amd64
2018-11-03 17:57:24,881 INFO o.a.j.JMeter: os.version=10.0
2018-11-03 17:57:24,882 INFO o.a.j.JMeter: file.encoding=Cp1252
2018-11-03 17:57:24,882 INFO o.a.j.JMeter: Max memory     =1073741824
2018-11-03 17:57:24,882 INFO o.a.j.JMeter: Available Processors =8
2018-11-03 17:57:24,887 INFO o.a.j.JMeter: Default Locale=English (EN)
2018-11-03 17:57:24,887 INFO o.a.j.JMeter: JMeter  Locale=English (EN)
2018-11-03 17:57:24,887 INFO o.a.j.JMeter: JMeterHome=D:\Bibliothèque\Yannis\Desktop\HEIG-AMT\AMT-Projet-Off\AMT-Projet-Off\AMTProject\apache-jmeter-5.0
2018-11-03 17:57:24,887 INFO o.a.j.JMeter: user.dir  =D:\Bibliothèque\Yannis\Desktop\HEIG-AMT\AMT-Projet-Off\AMT-Projet-Off\AMTProject\apache-jmeter-5.0\bin
2018-11-03 17:57:24,888 INFO o.a.j.JMeter: PWD       =D:\Bibliothèque\Yannis\Desktop\HEIG-AMT\AMT-Projet-Off\AMT-Projet-Off\AMTProject\apache-jmeter-5.0\bin
2018-11-03 17:57:29,404 INFO o.a.j.JMeter: IP: 192.168.99.1 Name: Yannis-PC FullName: Yannis-PC
2018-11-03 17:57:29,858 INFO o.a.j.g.a.LookAndFeelCommand: Installing Darcula LAF
2018-11-03 17:57:29,883 INFO o.a.j.g.a.LookAndFeelCommand: Using look and feel: com.bulenkov.darcula.DarculaLaf [Darcula]
2018-11-03 17:57:29,883 INFO o.a.j.JMeter: Setting LAF to: com.bulenkov.darcula.DarculaLaf
2018-11-03 17:57:29,986 INFO o.a.j.JMeter: Loaded icon properties from org/apache/jmeter/images/icon.properties
2018-11-03 17:57:30,652 INFO o.a.j.e.u.CompoundVariable: Note: Function class names must contain the string: '.functions.'
2018-11-03 17:57:30,652 INFO o.a.j.e.u.CompoundVariable: Note: Function class names must not contain the string: '.gui.'
2018-11-03 17:57:32,290 INFO o.a.j.p.h.s.HTTPSamplerBase: Parser for text/html is org.apache.jmeter.protocol.http.parser.LagartoBasedHtmlParser
2018-11-03 17:57:32,290 INFO o.a.j.p.h.s.HTTPSamplerBase: Parser for application/xhtml+xml is org.apache.jmeter.protocol.http.parser.LagartoBasedHtmlParser
2018-11-03 17:57:32,290 INFO o.a.j.p.h.s.HTTPSamplerBase: Parser for application/xml is org.apache.jmeter.protocol.http.parser.LagartoBasedHtmlParser
2018-11-03 17:57:32,290 INFO o.a.j.p.h.s.HTTPSamplerBase: Parser for text/xml is org.apache.jmeter.protocol.http.parser.LagartoBasedHtmlParser
2018-11-03 17:57:32,290 INFO o.a.j.p.h.s.HTTPSamplerBase: Parser for text/vnd.wap.wml is org.apache.jmeter.protocol.http.parser.RegexpHTMLParser
2018-11-03 17:57:32,291 INFO o.a.j.p.h.s.HTTPSamplerBase: Parser for text/css is org.apache.jmeter.protocol.http.parser.CssParser
2018-11-03 17:57:32,427 INFO o.a.j.e.KeyToolUtils: Exception checking for keytool existence, will return false, try another way.
2018-11-03 17:57:32,904 INFO o.a.j.e.KeyToolUtils: keytool found at 'C:\Program Files\Java\jre1.8.0_192\bin\keytool'
2018-11-03 17:57:32,904 INFO o.a.j.p.h.p.ProxyControl: HTTP(S) Test Script Recorder SSL Proxy will use keys that support embedded 3rd party resources in file D:\Bibliothèque\Yannis\Desktop\HEIG-AMT\AMT-Projet-Off\AMT-Projet-Off\AMTProject\apache-jmeter-5.0\bin\proxyserver.jks
2018-11-03 17:57:33,041 INFO o.a.j.s.FileServer: Default base='D:\Bibliothèque\Yannis\Desktop\HEIG-AMT\AMT-Projet-Off\AMT-Projet-Off\AMTProject\apache-jmeter-5.0\bin'
2018-11-03 17:57:34,106 INFO o.a.j.s.SampleResult: Note: Sample TimeStamps are START times
2018-11-03 17:57:34,107 INFO o.a.j.s.SampleResult: sampleresult.default.encoding is set to ISO-8859-1
2018-11-03 17:57:34,107 INFO o.a.j.s.SampleResult: sampleresult.useNanoTime=true
2018-11-03 17:57:34,107 INFO o.a.j.s.SampleResult: sampleresult.nanoThreadSleep=5000
