2018-10-28 15:45:27,455 INFO  [org.jboss.modules] (main) JBoss Modules version 1.8.6.Final
2018-10-28 15:45:28,101 INFO  [org.jboss.msc] (main) JBoss MSC version 1.4.3.Final
2018-10-28 15:45:28,110 INFO  [org.jboss.threads] (main) JBoss Threads version 2.3.2.Final
2018-10-28 15:45:28,229 INFO  [org.jboss.as] (MSC service thread 1-2) WFLYSRV0049: WildFly Full 14.0.1.Final (WildFly Core 6.0.2.Final) starting
2018-10-28 15:45:28,230 DEBUG [org.jboss.as.config] (MSC service thread 1-2) Configured system properties:
	awt.toolkit = sun.awt.windows.WToolkit
	file.encoding = Cp1252
	file.encoding.pkg = sun.io
	file.separator = \
	java.awt.graphicsenv = sun.awt.Win32GraphicsEnvironment
	java.awt.printerjob = sun.awt.windows.WPrinterJob
	java.class.path = D:\Bibliothèque\Yannis\Desktop\HEIG-AMT\AMT-Projet-Off\AMT-Projet-Off\AMTProject\wildfly-14.0.1.Final\jboss-modules.jar
	java.class.version = 52.0
	java.endorsed.dirs = C:\Program Files\Java\jdk1.8.0_121\jre\lib\endorsed
	java.ext.dirs = C:\Program Files\Java\jdk1.8.0_121\jre\lib\ext;C:\WINDOWS\Sun\Java\lib\ext
	java.home = C:\Program Files\Java\jdk1.8.0_121\jre
	java.io.tmpdir = C:\Users\Yannis\AppData\Local\Temp\
	java.library.path = C:\Program Files\Java\jdk1.8.0_121\bin;C:\WINDOWS\Sun\Java\bin;C:\WINDOWS\system32;C:\WINDOWS;C:\Program Files (x86)\Common Files\Oracle\Java\javapath;D:\Python27\;D:\Python27\Scripts;C:\ProgramData\Oracle\Java\javapath;C:\Program Files\Common Files\Microsoft Shared\Windows Live;C:\Program Files (x86)\Common Files\Microsoft Shared\Windows Live;C:\Program Files (x86)\Intel\iCLS Client\;C:\Program Files\Intel\iCLS Client\;C:\Windows\system32;C:\Windows;C:\Windows\System32\Wbem;C:\Windows\System32\WindowsPowerShell\v1.0\;C:\Program Files (x86)\Intel\OpenCL SDK\3.0\bin\x86;C:\Program Files (x86)\Intel\OpenCL SDK\3.0\bin\x64;C:\Program Files (x86)\ATI Technologies\ATI.ACE\Core-Static;C:\Program Files (x86)\QuickTime\QTSystem\;C:\Program Files (x86)\Windows Live\Shared;C:\Program Files\Intel\Intel(R) Management Engine Components\DAL;C:\Program Files (x86)\Intel\Intel(R) Management Engine Components\DAL;C:\Program Files\Intel\Intel(R) Management Engine Components\IPT;C:\Program Files (x86)\Intel\Intel(R) Management Engine Components\IPT;C:\WINDOWS\system32;C:\WINDOWS;C:\WINDOWS\System32\Wbem;C:\WINDOWS\System32\WindowsPowerShell\v1.0\;C:\MinGW\bin;C:\MinGW\msys\1.0\bin;C:\Program Files (x86)\ZyXEL PLA Series Utility\ZyXEL PLA Series Utility\cml;C:\Program Files\FileBot\;C:\Program Files (x86)\Skype\Phone\;C:\Program Files\Git\cmd;C:\Program Files (x86)\Druide\Antidote 9\Application\Bin64\;C:\Program Files (x86)\Druide\Antidote 9\Application\Bin32\;C:\Program Files\gnuplot\bin;C:\WINDOWS\system32;C:\WINDOWS;C:\WINDOWS\System32\Wbem;C:\WINDOWS\System32\WindowsPowerShell\v1.0\;C:\WINDOWS\System32\OpenSSH\;C:\Program Files\CMake\bin;C:\Program Files\dotnet\;C:\Program Files\Microsoft SQL Server\130\Tools\Binn\;C:\Program Files (x86)\ZyXEL PLA Series Utility\ZyXEL PLA Series Utility\cml;C:\Users\Yannis\AppData\Local\Microsoft\WindowsApps;;C:\Program Files\Docker Toolbox;.
	java.net.preferIPv4Stack = true
	java.runtime.name = Java(TM) SE Runtime Environment
	java.runtime.version = 1.8.0_121-b13
	java.specification.name = Java Platform API Specification
	java.specification.vendor = Oracle Corporation
	java.specification.version = 1.8
	java.util.logging.manager = org.jboss.logmanager.LogManager
	java.vendor = Oracle Corporation
	java.vendor.url = http://java.oracle.com/
	java.vendor.url.bug = http://bugreport.sun.com/bugreport/
	java.version = 1.8.0_121
	java.vm.info = mixed mode
	java.vm.name = Java HotSpot(TM) 64-Bit Server VM
	java.vm.specification.name = Java Virtual Machine Specification
	java.vm.specification.vendor = Oracle Corporation
	java.vm.specification.version = 1.8
	java.vm.vendor = Oracle Corporation
	java.vm.version = 25.121-b13
	javax.management.builder.initial = org.jboss.as.jmx.PluggableMBeanServerBuilder
	jboss.home.dir = D:\Bibliothèque\Yannis\Desktop\HEIG-AMT\AMT-Projet-Off\AMT-Projet-Off\AMTProject\wildfly-14.0.1.Final
	jboss.host.name = yannis-pc
	jboss.modules.dir = D:\Bibliothèque\Yannis\Desktop\HEIG-AMT\AMT-Projet-Off\AMT-Projet-Off\AMTProject\wildfly-14.0.1.Final\modules
	jboss.modules.system.pkgs = org.jboss.byteman
	jboss.node.name = yannis-pc
	jboss.qualified.host.name = yannis-pc
	jboss.server.base.dir = D:\Bibliothèque\Yannis\Desktop\HEIG-AMT\AMT-Projet-Off\AMT-Projet-Off\AMTProject\wildfly-14.0.1.Final\standalone
	jboss.server.config.dir = D:\Bibliothèque\Yannis\Desktop\HEIG-AMT\AMT-Projet-Off\AMT-Projet-Off\AMTProject\wildfly-14.0.1.Final\standalone\configuration
	jboss.server.data.dir = D:\Bibliothèque\Yannis\Desktop\HEIG-AMT\AMT-Projet-Off\AMT-Projet-Off\AMTProject\wildfly-14.0.1.Final\standalone\data
	jboss.server.deploy.dir = D:\Bibliothèque\Yannis\Desktop\HEIG-AMT\AMT-Projet-Off\AMT-Projet-Off\AMTProject\wildfly-14.0.1.Final\standalone\data\content
	jboss.server.log.dir = D:\Bibliothèque\Yannis\Desktop\HEIG-AMT\AMT-Projet-Off\AMT-Projet-Off\AMTProject\wildfly-14.0.1.Final\standalone\log
	jboss.server.name = yannis-pc
	jboss.server.persist.config = true
	jboss.server.temp.dir = D:\Bibliothèque\Yannis\Desktop\HEIG-AMT\AMT-Projet-Off\AMT-Projet-Off\AMTProject\wildfly-14.0.1.Final\standalone\tmp
	line.separator = 

	logging.configuration = file:D:\Bibliothèque\Yannis\Desktop\HEIG-AMT\AMT-Projet-Off\AMT-Projet-Off\AMTProject\wildfly-14.0.1.Final\standalone\configuration/logging.properties
	module.path = D:\Bibliothèque\Yannis\Desktop\HEIG-AMT\AMT-Projet-Off\AMT-Projet-Off\AMTProject\wildfly-14.0.1.Final\modules
	org.jboss.boot.log.file = D:\Bibliothèque\Yannis\Desktop\HEIG-AMT\AMT-Projet-Off\AMT-Projet-Off\AMTProject\wildfly-14.0.1.Final\standalone\log\server.log
	org.jboss.resolver.warning = true
	os.arch = amd64
	os.name = Windows 10
	os.version = 10.0
	path.separator = ;
	program.name = standalone.bat
	sun.arch.data.model = 64
	sun.boot.class.path = C:\Program Files\Java\jdk1.8.0_121\jre\lib\resources.jar;C:\Program Files\Java\jdk1.8.0_121\jre\lib\rt.jar;C:\Program Files\Java\jdk1.8.0_121\jre\lib\sunrsasign.jar;C:\Program Files\Java\jdk1.8.0_121\jre\lib\jsse.jar;C:\Program Files\Java\jdk1.8.0_121\jre\lib\jce.jar;C:\Program Files\Java\jdk1.8.0_121\jre\lib\charsets.jar;C:\Program Files\Java\jdk1.8.0_121\jre\lib\jfr.jar;C:\Program Files\Java\jdk1.8.0_121\jre\classes
	sun.boot.library.path = C:\Program Files\Java\jdk1.8.0_121\jre\bin
	sun.cpu.endian = little
	sun.cpu.isalist = amd64
	sun.desktop = windows
	sun.io.unicode.encoding = UnicodeLittle
	sun.java.command = D:\Bibliothèque\Yannis\Desktop\HEIG-AMT\AMT-Projet-Off\AMT-Projet-Off\AMTProject\wildfly-14.0.1.Final\jboss-modules.jar -mp D:\Bibliothèque\Yannis\Desktop\HEIG-AMT\AMT-Projet-Off\AMT-Projet-Off\AMTProject\wildfly-14.0.1.Final\modules org.jboss.as.standalone -Djboss.home.dir=D:\Bibliothèque\Yannis\Desktop\HEIG-AMT\AMT-Projet-Off\AMT-Projet-Off\AMTProject\wildfly-14.0.1.Final
	sun.java.launcher = SUN_STANDARD
	sun.jnu.encoding = Cp1252
	sun.management.compiler = HotSpot 64-Bit Tiered Compilers
	sun.os.patch.level = 
	user.country = FR
	user.dir = D:\Bibliothèque\Yannis\Desktop\HEIG-AMT\AMT-Projet-Off\AMT-Projet-Off\AMTProject\wildfly-14.0.1.Final\bin
	user.home = C:\Users\Yannis
	user.language = fr
	user.name = Yannis
	user.script = 
	user.timezone = Europe/Berlin
	user.variant = 
2018-10-28 15:45:28,231 DEBUG [org.jboss.as.config] (MSC service thread 1-2) VM Arguments: -Dprogram.name=standalone.bat -Xms64M -Xmx512M -XX:MetaspaceSize=96M -XX:MaxMetaspaceSize=256m -Djava.net.preferIPv4Stack=true -Djboss.modules.system.pkgs=org.jboss.byteman -Dorg.jboss.boot.log.file=D:\Bibliothèque\Yannis\Desktop\HEIG-AMT\AMT-Projet-Off\AMT-Projet-Off\AMTProject\wildfly-14.0.1.Final\standalone\log\server.log -Dlogging.configuration=file:D:\Bibliothèque\Yannis\Desktop\HEIG-AMT\AMT-Projet-Off\AMT-Projet-Off\AMTProject\wildfly-14.0.1.Final\standalone\configuration/logging.properties 
2018-10-28 15:45:29,142 INFO  [org.wildfly.security] (ServerService Thread Pool -- 26) ELY00001: WildFly Elytron version 1.6.0.Final
2018-10-28 15:45:29,610 INFO  [org.jboss.as.controller.management-deprecated] (Controller Boot Thread) WFLYCTL0028: Attribute 'security-realm' in the resource at address '/core-service=management/management-interface=http-interface' is deprecated, and may be removed in a future version. See the attribute description in the output of the read-resource-description operation to learn more about the deprecation.
2018-10-28 15:45:29,630 INFO  [org.jboss.as.controller.management-deprecated] (ServerService Thread Pool -- 5) WFLYCTL0028: Attribute 'security-realm' in the resource at address '/subsystem=undertow/server=default-server/https-listener=https' is deprecated, and may be removed in a future version. See the attribute description in the output of the read-resource-description operation to learn more about the deprecation.
2018-10-28 15:45:29,681 INFO  [org.jboss.as.server] (Controller Boot Thread) WFLYSRV0039: Creating http management service using socket-binding (management-http)
2018-10-28 15:45:29,696 INFO  [org.xnio] (MSC service thread 1-6) XNIO version 3.6.5.Final
2018-10-28 15:45:29,703 INFO  [org.xnio.nio] (MSC service thread 1-6) XNIO NIO Implementation Version 3.6.5.Final
2018-10-28 15:45:29,751 INFO  [org.wildfly.extension.microprofile.opentracing] (ServerService Thread Pool -- 59) WFLYTRACEXT0001: Activating MicroProfile OpenTracing Subsystem
2018-10-28 15:45:29,759 INFO  [org.jboss.as.jaxrs] (ServerService Thread Pool -- 50) WFLYRS0016: RESTEasy version 3.6.1.Final
2018-10-28 15:45:29,760 INFO  [org.wildfly.extension.microprofile.config.smallrye._private] (ServerService Thread Pool -- 57) WFLYCONF0001: Activating WildFly MicroProfile Config Subsystem
2018-10-28 15:45:29,766 WARN  [org.jboss.as.txn] (ServerService Thread Pool -- 68) WFLYTX0013: The node-identifier attribute on the /subsystem=transactions is set to the default value. This is a danger for environments running multiple servers. Please make sure the attribute value is unique.
2018-10-28 15:45:29,767 INFO  [org.jboss.as.naming] (ServerService Thread Pool -- 60) WFLYNAM0001: Activating Naming Subsystem
2018-10-28 15:45:29,769 INFO  [org.jboss.as.webservices] (ServerService Thread Pool -- 70) WFLYWS0002: Activating WebServices Extension
2018-10-28 15:45:29,770 INFO  [org.wildfly.extension.microprofile.health.smallrye] (ServerService Thread Pool -- 58) WFLYHEALTH0001: Activating Eclipse MicroProfile Health Subsystem
2018-10-28 15:45:29,796 INFO  [org.jboss.as.security] (ServerService Thread Pool -- 66) WFLYSEC0002: Activating Security Subsystem
2018-10-28 15:45:29,800 INFO  [org.jboss.as.security] (MSC service thread 1-3) WFLYSEC0001: Current PicketBox version=5.0.3.Final
2018-10-28 15:45:29,802 INFO  [org.jboss.as.clustering.infinispan] (ServerService Thread Pool -- 48) WFLYCLINF0001: Activating Infinispan subsystem.
2018-10-28 15:45:29,807 INFO  [org.wildfly.extension.undertow] (MSC service thread 1-1) WFLYUT0003: Undertow 2.0.13.Final starting
2018-10-28 15:45:29,808 INFO  [org.jboss.as.jsf] (ServerService Thread Pool -- 55) WFLYJSF0007: Activated the following JSF Implementations: [main]
2018-10-28 15:45:29,834 INFO  [org.jboss.as.connector.subsystems.datasources] (ServerService Thread Pool -- 41) WFLYJCA0004: Deploying JDBC-compliant driver class org.h2.Driver (version 1.4)
2018-10-28 15:45:29,842 INFO  [org.jboss.as.connector] (MSC service thread 1-4) WFLYJCA0009: Starting JCA Subsystem (WildFly/IronJacamar 1.4.11.Final)
2018-10-28 15:45:29,843 INFO  [org.jboss.as.connector.deployers.jdbc] (MSC service thread 1-4) WFLYJCA0018: Started Driver service with driver-name = h2
2018-10-28 15:45:29,845 INFO  [org.jboss.as.mail.extension] (MSC service thread 1-8) WFLYMAIL0002: Unbound mail session [java:jboss/mail/Default]
2018-10-28 15:45:29,868 INFO  [org.wildfly.extension.io] (ServerService Thread Pool -- 49) WFLYIO001: Worker 'default' has auto-configured to 16 core threads with 128 task threads based on your 8 available processors
2018-10-28 15:45:29,882 INFO  [org.jboss.remoting] (MSC service thread 1-6) JBoss Remoting version 5.0.8.Final
2018-10-28 15:45:29,959 INFO  [org.jboss.as.naming] (MSC service thread 1-6) WFLYNAM0003: Starting Naming Service
2018-10-28 15:45:29,960 INFO  [org.jboss.as.mail.extension] (MSC service thread 1-3) WFLYMAIL0001: Bound mail session [java:jboss/mail/Default]
2018-10-28 15:45:30,000 INFO  [org.jboss.as.ejb3] (MSC service thread 1-6) WFLYEJB0481: Strict pool slsb-strict-max-pool is using a max instance size of 128 (per class), which is derived from thread worker pool sizing.
2018-10-28 15:45:30,000 INFO  [org.jboss.as.ejb3] (MSC service thread 1-8) WFLYEJB0482: Strict pool mdb-strict-max-pool is using a max instance size of 32 (per class), which is derived from the number of CPUs on this host.
2018-10-28 15:45:30,001 INFO  [org.jboss.as.connector.subsystems.datasources] (MSC service thread 1-2) WFLYJCA0010: Unbound data source [java:jboss/datasources/ExampleDS]
2018-10-28 15:45:30,212 INFO  [org.wildfly.extension.undertow] (ServerService Thread Pool -- 69) WFLYUT0014: Creating file handler for path 'D:\Bibliothèque\Yannis\Desktop\HEIG-AMT\AMT-Projet-Off\AMT-Projet-Off\AMTProject\wildfly-14.0.1.Final/welcome-content' with options [directory-listing: 'false', follow-symlink: 'false', case-sensitive: 'true', safe-symlink-paths: '[]']
2018-10-28 15:45:30,230 INFO  [org.wildfly.extension.undertow] (MSC service thread 1-6) WFLYUT0012: Started server default-server.
2018-10-28 15:45:30,232 INFO  [org.wildfly.extension.undertow] (MSC service thread 1-2) WFLYUT0018: Host default-host starting
2018-10-28 15:45:30,473 INFO  [org.jboss.as.patching] (MSC service thread 1-5) WFLYPAT0050: WildFly Full cumulative patch ID is: base, one-off patches include: none
2018-10-28 15:45:30,493 INFO  [org.wildfly.extension.undertow] (MSC service thread 1-6) WFLYUT0006: Undertow HTTP listener default listening on 127.0.0.1:8080
2018-10-28 15:45:30,499 WARN  [org.jboss.as.domain.management.security] (MSC service thread 1-7) WFLYDM0111: Keystore D:\Bibliothèque\Yannis\Desktop\HEIG-AMT\AMT-Projet-Off\AMT-Projet-Off\AMTProject\wildfly-14.0.1.Final\standalone\configuration\application.keystore not found, it will be auto generated on first use with a self signed certificate for host localhost
2018-10-28 15:45:30,502 INFO  [org.jboss.as.server.deployment.scanner] (MSC service thread 1-2) WFLYDS0013: Started FileSystemDeploymentService for directory D:\Bibliothèque\Yannis\Desktop\HEIG-AMT\AMT-Projet-Off\AMT-Projet-Off\AMTProject\wildfly-14.0.1.Final\standalone\deployments
2018-10-28 15:45:30,555 INFO  [org.jboss.as.ejb3] (MSC service thread 1-2) WFLYEJB0493: EJB subsystem suspension complete
2018-10-28 15:45:30,622 INFO  [org.jboss.as.connector.subsystems.datasources] (MSC service thread 1-4) WFLYJCA0001: Bound data source [java:jboss/datasources/ExampleDS]
2018-10-28 15:45:30,849 INFO  [org.wildfly.extension.undertow] (MSC service thread 1-6) WFLYUT0006: Undertow HTTPS listener https listening on 127.0.0.1:8443
2018-10-28 15:45:30,914 INFO  [org.jboss.ws.common.management] (MSC service thread 1-1) JBWS022052: Starting JBossWS 5.2.3.Final (Apache CXF 3.2.5.jbossorg-1) 
2018-10-28 15:45:31,005 INFO  [org.jboss.as.server] (Controller Boot Thread) WFLYSRV0212: Resuming server
2018-10-28 15:45:31,006 INFO  [org.jboss.as] (Controller Boot Thread) WFLYSRV0060: Http management interface listening on http://127.0.0.1:9990/management
2018-10-28 15:45:31,006 INFO  [org.jboss.as] (Controller Boot Thread) WFLYSRV0051: Admin console listening on http://127.0.0.1:9990
2018-10-28 15:45:31,007 INFO  [org.jboss.as] (Controller Boot Thread) WFLYSRV0025: WildFly Full 14.0.1.Final (WildFly Core 6.0.2.Final) started in 3926ms - Started 306 of 527 services (321 services are lazy, passive or on-demand)
2018-10-28 15:45:32,373 INFO  [org.jboss.as.server.deployment] (MSC service thread 1-2) WFLYSRV0027: Starting deployment of "AMT-Projet" (runtime-name: "AMT-Projet.war")
2018-10-28 15:45:36,080 INFO  [org.jboss.weld.deployer] (MSC service thread 1-3) WFLYWELD0003: Processing weld deployment AMT-Projet.war
2018-10-28 15:45:36,240 INFO  [org.hibernate.validator.internal.util.Version] (MSC service thread 1-3) HV000001: Hibernate Validator 6.0.13.Final
2018-10-28 15:45:36,381 INFO  [org.jboss.as.ejb3.deployment] (MSC service thread 1-3) WFLYEJB0473: JNDI bindings for session bean named 'ProjectDAO' in deployment unit 'deployment "AMT-Projet.war"' are as follows:

	java:global/AMT-Projet/ProjectDAO!Database.ProjectDAO
	java:app/AMT-Projet/ProjectDAO!Database.ProjectDAO
	java:module/ProjectDAO!Database.ProjectDAO
	ejb:AMT-Projet/ProjectDAO!Database.ProjectDAO
	java:global/AMT-Projet/ProjectDAO
	java:app/AMT-Projet/ProjectDAO
	java:module/ProjectDAO

2018-10-28 15:45:36,381 INFO  [org.jboss.as.ejb3.deployment] (MSC service thread 1-3) WFLYEJB0473: JNDI bindings for session bean named 'UserDAO' in deployment unit 'deployment "AMT-Projet.war"' are as follows:

	java:global/AMT-Projet/UserDAO!Database.UserDAO
	java:app/AMT-Projet/UserDAO!Database.UserDAO
	java:module/UserDAO!Database.UserDAO
	ejb:AMT-Projet/UserDAO!Database.UserDAO
	java:global/AMT-Projet/UserDAO
	java:app/AMT-Projet/UserDAO
	java:module/UserDAO

2018-10-28 15:45:36,647 WARN  [org.jboss.as.jaxrs] (MSC service thread 1-4) WFLYRS0018: Explicit usage of Jackson annotation in a JAX-RS deployment; the system will disable JSON-B processing for the current deployment. Consider setting the 'resteasy.preferJacksonOverJsonB' property to 'false' to restore JSON-B.
2018-10-28 15:45:36,670 INFO  [org.jboss.weld.Version] (MSC service thread 1-4) WELD-000900: 3.0.5 (Final)
2018-10-28 15:45:36,736 INFO  [org.infinispan.factories.GlobalComponentRegistry] (MSC service thread 1-5) ISPN000128: Infinispan version: Infinispan 'Estrella Galicia' 9.3.1.Final
2018-10-28 15:45:37,100 INFO  [org.jboss.as.clustering.infinispan] (ServerService Thread Pool -- 16) WFLYCLINF0002: Started client-mappings cache from ejb container
2018-10-28 15:45:37,147 ERROR [org.jboss.as.controller.management-operation] (management-handler-thread - 1) WFLYCTL0013: Operation ("deploy") failed - address: ([("deployment" => "AMT-Projet")]) - failure description: {
    "WFLYCTL0412: Required services that are not installed:" => ["jboss.naming.context.java.module.AMT-Projet.AMT-Projet.env.jdbc.amtProject"],
    "WFLYCTL0180: Services with missing/unavailable dependencies" => [
        "jboss.naming.context.java.module.AMT-Projet.AMT-Projet.env.\"Database.ProjectDAO\".database is missing [jboss.naming.context.java.module.AMT-Projet.AMT-Projet.env.jdbc.amtProject]",
        "jboss.naming.context.java.module.AMT-Projet.AMT-Projet.env.\"Database.UserDAO\".database is missing [jboss.naming.context.java.module.AMT-Projet.AMT-Projet.env.jdbc.amtProject]"
    ]
}
2018-10-28 15:45:37,149 ERROR [org.jboss.as.server] (management-handler-thread - 1) WFLYSRV0021: Deploy of deployment "AMT-Projet.war" was rolled back with the following failure message: 
{
    "WFLYCTL0412: Required services that are not installed:" => ["jboss.naming.context.java.module.AMT-Projet.AMT-Projet.env.jdbc.amtProject"],
    "WFLYCTL0180: Services with missing/unavailable dependencies" => [
        "jboss.naming.context.java.module.AMT-Projet.AMT-Projet.env.\"Database.ProjectDAO\".database is missing [jboss.naming.context.java.module.AMT-Projet.AMT-Projet.env.jdbc.amtProject]",
        "jboss.naming.context.java.module.AMT-Projet.AMT-Projet.env.\"Database.UserDAO\".database is missing [jboss.naming.context.java.module.AMT-Projet.AMT-Projet.env.jdbc.amtProject]"
    ]
}
2018-10-28 15:45:37,224 INFO  [org.jboss.as.server.deployment] (MSC service thread 1-8) WFLYSRV0028: Stopped deployment AMT-Projet (runtime-name: AMT-Projet.war) in 75ms
2018-10-28 16:03:06,001 INFO  [org.jboss.as.server] (management-handler-thread - 2) WFLYSRV0236: Suspending server with no timeout.
2018-10-28 16:03:06,003 INFO  [org.jboss.as.ejb3] (management-handler-thread - 2) WFLYEJB0493: EJB subsystem suspension complete
2018-10-28 16:03:06,004 INFO  [org.jboss.as.server] (Management Triggered Shutdown) WFLYSRV0241: Shutting down in response to management operation 'shutdown'
2018-10-28 16:03:06,022 INFO  [org.wildfly.extension.undertow] (MSC service thread 1-3) WFLYUT0019: Host default-host stopping
2018-10-28 16:03:06,022 INFO  [org.jboss.as.mail.extension] (MSC service thread 1-2) WFLYMAIL0002: Unbound mail session [java:jboss/mail/Default]
2018-10-28 16:03:06,022 INFO  [org.jboss.as.connector.subsystems.datasources] (MSC service thread 1-4) WFLYJCA0010: Unbound data source [java:jboss/datasources/ExampleDS]
2018-10-28 16:03:06,023 INFO  [org.wildfly.extension.undertow] (MSC service thread 1-3) WFLYUT0008: Undertow HTTPS listener https suspending
2018-10-28 16:03:06,026 INFO  [org.wildfly.extension.undertow] (MSC service thread 1-3) WFLYUT0007: Undertow HTTPS listener https stopped, was bound to 127.0.0.1:8443
2018-10-28 16:03:06,032 INFO  [org.jboss.as.connector.deployers.jdbc] (MSC service thread 1-4) WFLYJCA0019: Stopped Driver service with driver-name = h2
2018-10-28 16:03:06,037 INFO  [org.wildfly.extension.undertow] (MSC service thread 1-7) WFLYUT0008: Undertow HTTP listener default suspending
2018-10-28 16:03:06,038 INFO  [org.wildfly.extension.undertow] (MSC service thread 1-7) WFLYUT0007: Undertow HTTP listener default stopped, was bound to 127.0.0.1:8080
2018-10-28 16:03:06,038 INFO  [org.wildfly.extension.undertow] (MSC service thread 1-2) WFLYUT0004: Undertow 2.0.13.Final stopping
2018-10-28 16:03:06,044 INFO  [org.jboss.as.clustering.infinispan] (ServerService Thread Pool -- 75) WFLYCLINF0003: Stopped client-mappings cache from ejb container
2018-10-28 16:03:06,053 INFO  [org.jboss.as] (MSC service thread 1-4) WFLYSRV0050: WildFly Full 14.0.1.Final (WildFly Core 6.0.2.Final) stopped in 45ms
2018-10-28 16:04:07,891 INFO  [org.jboss.modules] (main) JBoss Modules version 1.8.6.Final
2018-10-28 16:04:08,231 INFO  [org.jboss.msc] (main) JBoss MSC version 1.4.3.Final
2018-10-28 16:04:08,239 INFO  [org.jboss.threads] (main) JBoss Threads version 2.3.2.Final
2018-10-28 16:04:08,347 INFO  [org.jboss.as] (MSC service thread 1-2) WFLYSRV0049: WildFly Full 14.0.1.Final (WildFly Core 6.0.2.Final) starting
2018-10-28 16:04:08,348 DEBUG [org.jboss.as.config] (MSC service thread 1-2) Configured system properties:
	awt.toolkit = sun.awt.windows.WToolkit
	file.encoding = Cp1252
	file.encoding.pkg = sun.io
	file.separator = \
	java.awt.graphicsenv = sun.awt.Win32GraphicsEnvironment
	java.awt.printerjob = sun.awt.windows.WPrinterJob
	java.class.path = D:\Bibliothèque\Yannis\Desktop\HEIG-AMT\AMT-Projet-Off\AMT-Projet-Off\AMTProject\wildfly-14.0.1.Final\jboss-modules.jar
	java.class.version = 52.0
	java.endorsed.dirs = C:\Program Files\Java\jdk1.8.0_121\jre\lib\endorsed
	java.ext.dirs = C:\Program Files\Java\jdk1.8.0_121\jre\lib\ext;C:\WINDOWS\Sun\Java\lib\ext
	java.home = C:\Program Files\Java\jdk1.8.0_121\jre
	java.io.tmpdir = C:\Users\Yannis\AppData\Local\Temp\
	java.library.path = C:\Program Files\Java\jdk1.8.0_121\bin;C:\WINDOWS\Sun\Java\bin;C:\WINDOWS\system32;C:\WINDOWS;C:\Program Files (x86)\Common Files\Oracle\Java\javapath;D:\Python27\;D:\Python27\Scripts;C:\ProgramData\Oracle\Java\javapath;C:\Program Files\Common Files\Microsoft Shared\Windows Live;C:\Program Files (x86)\Common Files\Microsoft Shared\Windows Live;C:\Program Files (x86)\Intel\iCLS Client\;C:\Program Files\Intel\iCLS Client\;C:\Windows\system32;C:\Windows;C:\Windows\System32\Wbem;C:\Windows\System32\WindowsPowerShell\v1.0\;C:\Program Files (x86)\Intel\OpenCL SDK\3.0\bin\x86;C:\Program Files (x86)\Intel\OpenCL SDK\3.0\bin\x64;C:\Program Files (x86)\ATI Technologies\ATI.ACE\Core-Static;C:\Program Files (x86)\QuickTime\QTSystem\;C:\Program Files (x86)\Windows Live\Shared;C:\Program Files\Intel\Intel(R) Management Engine Components\DAL;C:\Program Files (x86)\Intel\Intel(R) Management Engine Components\DAL;C:\Program Files\Intel\Intel(R) Management Engine Components\IPT;C:\Program Files (x86)\Intel\Intel(R) Management Engine Components\IPT;C:\WINDOWS\system32;C:\WINDOWS;C:\WINDOWS\System32\Wbem;C:\WINDOWS\System32\WindowsPowerShell\v1.0\;C:\MinGW\bin;C:\MinGW\msys\1.0\bin;C:\Program Files (x86)\ZyXEL PLA Series Utility\ZyXEL PLA Series Utility\cml;C:\Program Files\FileBot\;C:\Program Files (x86)\Skype\Phone\;C:\Program Files\Git\cmd;C:\Program Files (x86)\Druide\Antidote 9\Application\Bin64\;C:\Program Files (x86)\Druide\Antidote 9\Application\Bin32\;C:\Program Files\gnuplot\bin;C:\WINDOWS\system32;C:\WINDOWS;C:\WINDOWS\System32\Wbem;C:\WINDOWS\System32\WindowsPowerShell\v1.0\;C:\WINDOWS\System32\OpenSSH\;C:\Program Files\CMake\bin;C:\Program Files\dotnet\;C:\Program Files\Microsoft SQL Server\130\Tools\Binn\;C:\Program Files (x86)\ZyXEL PLA Series Utility\ZyXEL PLA Series Utility\cml;C:\Users\Yannis\AppData\Local\Microsoft\WindowsApps;;C:\Program Files\Docker Toolbox;.
	java.net.preferIPv4Stack = true
	java.runtime.name = Java(TM) SE Runtime Environment
	java.runtime.version = 1.8.0_121-b13
	java.specification.name = Java Platform API Specification
	java.specification.vendor = Oracle Corporation
	java.specification.version = 1.8
	java.util.logging.manager = org.jboss.logmanager.LogManager
	java.vendor = Oracle Corporation
	java.vendor.url = http://java.oracle.com/
	java.vendor.url.bug = http://bugreport.sun.com/bugreport/
	java.version = 1.8.0_121
	java.vm.info = mixed mode
	java.vm.name = Java HotSpot(TM) 64-Bit Server VM
	java.vm.specification.name = Java Virtual Machine Specification
	java.vm.specification.vendor = Oracle Corporation
	java.vm.specification.version = 1.8
	java.vm.vendor = Oracle Corporation
	java.vm.version = 25.121-b13
	javax.management.builder.initial = org.jboss.as.jmx.PluggableMBeanServerBuilder
	jboss.home.dir = D:\Bibliothèque\Yannis\Desktop\HEIG-AMT\AMT-Projet-Off\AMT-Projet-Off\AMTProject\wildfly-14.0.1.Final
	jboss.host.name = yannis-pc
	jboss.modules.dir = D:\Bibliothèque\Yannis\Desktop\HEIG-AMT\AMT-Projet-Off\AMT-Projet-Off\AMTProject\wildfly-14.0.1.Final\modules
	jboss.modules.system.pkgs = org.jboss.byteman
	jboss.node.name = yannis-pc
	jboss.qualified.host.name = yannis-pc
	jboss.server.base.dir = D:\Bibliothèque\Yannis\Desktop\HEIG-AMT\AMT-Projet-Off\AMT-Projet-Off\AMTProject\wildfly-14.0.1.Final\standalone
	jboss.server.config.dir = D:\Bibliothèque\Yannis\Desktop\HEIG-AMT\AMT-Projet-Off\AMT-Projet-Off\AMTProject\wildfly-14.0.1.Final\standalone\configuration
	jboss.server.data.dir = D:\Bibliothèque\Yannis\Desktop\HEIG-AMT\AMT-Projet-Off\AMT-Projet-Off\AMTProject\wildfly-14.0.1.Final\standalone\data
	jboss.server.deploy.dir = D:\Bibliothèque\Yannis\Desktop\HEIG-AMT\AMT-Projet-Off\AMT-Projet-Off\AMTProject\wildfly-14.0.1.Final\standalone\data\content
	jboss.server.log.dir = D:\Bibliothèque\Yannis\Desktop\HEIG-AMT\AMT-Projet-Off\AMT-Projet-Off\AMTProject\wildfly-14.0.1.Final\standalone\log
	jboss.server.name = yannis-pc
	jboss.server.persist.config = true
	jboss.server.temp.dir = D:\Bibliothèque\Yannis\Desktop\HEIG-AMT\AMT-Projet-Off\AMT-Projet-Off\AMTProject\wildfly-14.0.1.Final\standalone\tmp
	line.separator = 

	logging.configuration = file:D:\Bibliothèque\Yannis\Desktop\HEIG-AMT\AMT-Projet-Off\AMT-Projet-Off\AMTProject\wildfly-14.0.1.Final\standalone\configuration/logging.properties
	module.path = D:\Bibliothèque\Yannis\Desktop\HEIG-AMT\AMT-Projet-Off\AMT-Projet-Off\AMTProject\wildfly-14.0.1.Final\modules
	org.jboss.boot.log.file = D:\Bibliothèque\Yannis\Desktop\HEIG-AMT\AMT-Projet-Off\AMT-Projet-Off\AMTProject\wildfly-14.0.1.Final\standalone\log\server.log
	org.jboss.resolver.warning = true
	os.arch = amd64
	os.name = Windows 10
	os.version = 10.0
	path.separator = ;
	program.name = standalone.bat
	sun.arch.data.model = 64
	sun.boot.class.path = C:\Program Files\Java\jdk1.8.0_121\jre\lib\resources.jar;C:\Program Files\Java\jdk1.8.0_121\jre\lib\rt.jar;C:\Program Files\Java\jdk1.8.0_121\jre\lib\sunrsasign.jar;C:\Program Files\Java\jdk1.8.0_121\jre\lib\jsse.jar;C:\Program Files\Java\jdk1.8.0_121\jre\lib\jce.jar;C:\Program Files\Java\jdk1.8.0_121\jre\lib\charsets.jar;C:\Program Files\Java\jdk1.8.0_121\jre\lib\jfr.jar;C:\Program Files\Java\jdk1.8.0_121\jre\classes
	sun.boot.library.path = C:\Program Files\Java\jdk1.8.0_121\jre\bin
	sun.cpu.endian = little
	sun.cpu.isalist = amd64
	sun.desktop = windows
	sun.io.unicode.encoding = UnicodeLittle
	sun.java.command = D:\Bibliothèque\Yannis\Desktop\HEIG-AMT\AMT-Projet-Off\AMT-Projet-Off\AMTProject\wildfly-14.0.1.Final\jboss-modules.jar -mp D:\Bibliothèque\Yannis\Desktop\HEIG-AMT\AMT-Projet-Off\AMT-Projet-Off\AMTProject\wildfly-14.0.1.Final\modules org.jboss.as.standalone -Djboss.home.dir=D:\Bibliothèque\Yannis\Desktop\HEIG-AMT\AMT-Projet-Off\AMT-Projet-Off\AMTProject\wildfly-14.0.1.Final
	sun.java.launcher = SUN_STANDARD
	sun.jnu.encoding = Cp1252
	sun.management.compiler = HotSpot 64-Bit Tiered Compilers
	sun.os.patch.level = 
	user.country = FR
	user.dir = D:\Bibliothèque\Yannis\Desktop\HEIG-AMT\AMT-Projet-Off\AMT-Projet-Off\AMTProject\wildfly-14.0.1.Final\bin
	user.home = C:\Users\Yannis
	user.language = fr
	user.name = Yannis
	user.script = 
	user.timezone = Europe/Berlin
	user.variant = 
2018-10-28 16:04:08,348 DEBUG [org.jboss.as.config] (MSC service thread 1-2) VM Arguments: -Dprogram.name=standalone.bat -Xms64M -Xmx512M -XX:MetaspaceSize=96M -XX:MaxMetaspaceSize=256m -Djava.net.preferIPv4Stack=true -Djboss.modules.system.pkgs=org.jboss.byteman -Dorg.jboss.boot.log.file=D:\Bibliothèque\Yannis\Desktop\HEIG-AMT\AMT-Projet-Off\AMT-Projet-Off\AMTProject\wildfly-14.0.1.Final\standalone\log\server.log -Dlogging.configuration=file:D:\Bibliothèque\Yannis\Desktop\HEIG-AMT\AMT-Projet-Off\AMT-Projet-Off\AMTProject\wildfly-14.0.1.Final\standalone\configuration/logging.properties 
2018-10-28 16:04:08,973 INFO  [org.wildfly.security] (ServerService Thread Pool -- 27) ELY00001: WildFly Elytron version 1.6.0.Final
2018-10-28 16:04:09,427 INFO  [org.jboss.as.controller.management-deprecated] (Controller Boot Thread) WFLYCTL0028: Attribute 'security-realm' in the resource at address '/core-service=management/management-interface=http-interface' is deprecated, and may be removed in a future version. See the attribute description in the output of the read-resource-description operation to learn more about the deprecation.
2018-10-28 16:04:09,453 INFO  [org.jboss.as.controller.management-deprecated] (ServerService Thread Pool -- 16) WFLYCTL0028: Attribute 'security-realm' in the resource at address '/subsystem=undertow/server=default-server/https-listener=https' is deprecated, and may be removed in a future version. See the attribute description in the output of the read-resource-description operation to learn more about the deprecation.
2018-10-28 16:04:09,514 INFO  [org.jboss.as.server] (Controller Boot Thread) WFLYSRV0039: Creating http management service using socket-binding (management-http)
2018-10-28 16:04:09,529 INFO  [org.xnio] (MSC service thread 1-4) XNIO version 3.6.5.Final
2018-10-28 16:04:09,537 INFO  [org.xnio.nio] (MSC service thread 1-4) XNIO NIO Implementation Version 3.6.5.Final
2018-10-28 16:04:09,559 INFO  [org.jboss.as.clustering.infinispan] (ServerService Thread Pool -- 48) WFLYCLINF0001: Activating Infinispan subsystem.
2018-10-28 16:04:09,608 INFO  [org.wildfly.extension.microprofile.config.smallrye._private] (ServerService Thread Pool -- 57) WFLYCONF0001: Activating WildFly MicroProfile Config Subsystem
2018-10-28 16:04:09,609 INFO  [org.jboss.as.jaxrs] (ServerService Thread Pool -- 50) WFLYRS0016: RESTEasy version 3.6.1.Final
2018-10-28 16:04:09,624 WARN  [org.jboss.as.txn] (ServerService Thread Pool -- 68) WFLYTX0013: The node-identifier attribute on the /subsystem=transactions is set to the default value. This is a danger for environments running multiple servers. Please make sure the attribute value is unique.
2018-10-28 16:04:09,626 INFO  [org.jboss.as.security] (ServerService Thread Pool -- 66) WFLYSEC0002: Activating Security Subsystem
2018-10-28 16:04:09,627 INFO  [org.jboss.as.webservices] (ServerService Thread Pool -- 70) WFLYWS0002: Activating WebServices Extension
2018-10-28 16:04:09,630 INFO  [org.wildfly.extension.microprofile.opentracing] (ServerService Thread Pool -- 59) WFLYTRACEXT0001: Activating MicroProfile OpenTracing Subsystem
2018-10-28 16:04:09,631 INFO  [org.jboss.as.security] (MSC service thread 1-5) WFLYSEC0001: Current PicketBox version=5.0.3.Final
2018-10-28 16:04:09,633 INFO  [org.jboss.as.naming] (ServerService Thread Pool -- 60) WFLYNAM0001: Activating Naming Subsystem
2018-10-28 16:04:09,635 INFO  [org.jboss.as.jsf] (ServerService Thread Pool -- 55) WFLYJSF0007: Activated the following JSF Implementations: [main]
2018-10-28 16:04:09,645 INFO  [org.jboss.as.mail.extension] (MSC service thread 1-2) WFLYMAIL0002: Unbound mail session [java:jboss/mail/Default]
2018-10-28 16:04:09,661 INFO  [org.wildfly.extension.microprofile.health.smallrye] (ServerService Thread Pool -- 58) WFLYHEALTH0001: Activating Eclipse MicroProfile Health Subsystem
2018-10-28 16:04:09,669 INFO  [org.jboss.as.connector.subsystems.datasources] (ServerService Thread Pool -- 41) WFLYJCA0004: Deploying JDBC-compliant driver class org.h2.Driver (version 1.4)
2018-10-28 16:04:09,683 INFO  [org.jboss.as.connector] (MSC service thread 1-2) WFLYJCA0009: Starting JCA Subsystem (WildFly/IronJacamar 1.4.11.Final)
2018-10-28 16:04:09,733 INFO  [org.jboss.as.connector.deployers.jdbc] (MSC service thread 1-3) WFLYJCA0018: Started Driver service with driver-name = h2
2018-10-28 16:04:09,736 INFO  [org.wildfly.extension.undertow] (MSC service thread 1-2) WFLYUT0003: Undertow 2.0.13.Final starting
2018-10-28 16:04:09,743 INFO  [org.jboss.as.naming] (MSC service thread 1-7) WFLYNAM0003: Starting Naming Service
2018-10-28 16:04:09,744 INFO  [org.jboss.as.mail.extension] (MSC service thread 1-7) WFLYMAIL0001: Bound mail session [java:jboss/mail/Default]
2018-10-28 16:04:09,815 INFO  [org.jboss.as.connector.subsystems.datasources] (MSC service thread 1-5) WFLYJCA0010: Unbound data source [java:jboss/datasources/ExampleDS]
2018-10-28 16:04:09,862 INFO  [org.wildfly.extension.undertow] (ServerService Thread Pool -- 69) WFLYUT0014: Creating file handler for path 'D:\Bibliothèque\Yannis\Desktop\HEIG-AMT\AMT-Projet-Off\AMT-Projet-Off\AMTProject\wildfly-14.0.1.Final/welcome-content' with options [directory-listing: 'false', follow-symlink: 'false', case-sensitive: 'true', safe-symlink-paths: '[]']
2018-10-28 16:04:10,322 INFO  [org.wildfly.extension.io] (ServerService Thread Pool -- 49) WFLYIO001: Worker 'default' has auto-configured to 16 core threads with 128 task threads based on your 8 available processors
2018-10-28 16:04:10,326 INFO  [org.jboss.as.ejb3] (MSC service thread 1-2) WFLYEJB0482: Strict pool mdb-strict-max-pool is using a max instance size of 32 (per class), which is derived from the number of CPUs on this host.
2018-10-28 16:04:10,326 INFO  [org.jboss.as.ejb3] (MSC service thread 1-6) WFLYEJB0481: Strict pool slsb-strict-max-pool is using a max instance size of 128 (per class), which is derived from thread worker pool sizing.
2018-10-28 16:04:10,361 INFO  [org.jboss.as.patching] (MSC service thread 1-3) WFLYPAT0050: WildFly Full cumulative patch ID is: base, one-off patches include: none
2018-10-28 16:04:10,363 INFO  [org.wildfly.extension.undertow] (MSC service thread 1-6) WFLYUT0012: Started server default-server.
2018-10-28 16:04:10,364 INFO  [org.wildfly.extension.undertow] (MSC service thread 1-1) WFLYUT0018: Host default-host starting
2018-10-28 16:04:10,367 INFO  [org.jboss.remoting] (MSC service thread 1-5) JBoss Remoting version 5.0.8.Final
2018-10-28 16:04:10,393 WARN  [org.jboss.as.domain.management.security] (MSC service thread 1-3) WFLYDM0111: Keystore D:\Bibliothèque\Yannis\Desktop\HEIG-AMT\AMT-Projet-Off\AMT-Projet-Off\AMTProject\wildfly-14.0.1.Final\standalone\configuration\application.keystore not found, it will be auto generated on first use with a self signed certificate for host localhost
2018-10-28 16:04:10,406 INFO  [org.jboss.as.server.deployment.scanner] (MSC service thread 1-5) WFLYDS0013: Started FileSystemDeploymentService for directory D:\Bibliothèque\Yannis\Desktop\HEIG-AMT\AMT-Projet-Off\AMT-Projet-Off\AMTProject\wildfly-14.0.1.Final\standalone\deployments
2018-10-28 16:04:10,443 INFO  [org.wildfly.extension.undertow] (MSC service thread 1-4) WFLYUT0006: Undertow HTTP listener default listening on 127.0.0.1:8080
2018-10-28 16:04:10,470 INFO  [org.jboss.as.ejb3] (MSC service thread 1-4) WFLYEJB0493: EJB subsystem suspension complete
2018-10-28 16:04:10,538 INFO  [org.jboss.as.connector.subsystems.datasources] (MSC service thread 1-5) WFLYJCA0001: Bound data source [java:jboss/datasources/ExampleDS]
